[INFO] 22:40:49:208 Servidor/(9315:9315): Servidor listo para recibir al cliente
[INFO] 22:42:09:971 Servidor/(9480:9480): Servidor listo para recibir al cliente
[INFO] 22:42:09:973 Servidor/(9480:9480): Se conecto un cliente!
[ERROR] 22:42:09:974 Servidor/(9480:9480): el cliente se desconecto. Terminando servidor
[INFO] 22:45:07:658 Servidor/(9645:9645): Servidor listo para recibir al cliente
[INFO] 23:05:44:200 Servidor/(11005:11005): Servidor listo para recibir al cliente
[INFO] 23:06:25:982 Servidor/(11005:11005): Se conecto un cliente!
[INFO] 23:06:25:982 Servidor/(11005:11005): Me llego el mensaje valor
[ERROR] 23:06:25:982 Servidor/(11005:11005): el cliente se desconecto. Terminando servidor
[INFO] 17:21:14:522 Servidor/(149492:149492): Servidor listo para recibir al cliente
[INFO] 17:21:56:721 Servidor/(149492:149492): Se conecto un cliente!
[INFO] 17:21:56:721 Servidor/(149492:149492): Me llego el mensaje valor
[INFO] 17:22:08:176 Servidor/(149492:149492): Me llegaron los siguientes valores:

[INFO] 17:22:08:176 Servidor/(149492:149492): hola
[INFO] 17:22:08:176 Servidor/(149492:149492): 12345
[INFO] 17:22:08:176 Servidor/(149492:149492): 1234
[INFO] 17:22:08:176 Servidor/(149492:149492): 123
[INFO] 17:22:08:176 Servidor/(149492:149492): 12
[INFO] 17:22:08:176 Servidor/(149492:149492): 1
[ERROR] 17:22:08:177 Servidor/(149492:149492): el cliente se desconecto. Terminando servidor
