[INFO] 21:56:39:630 CLIENTE_LOGGER/(6868:6868): Hola! Soy un log
[INFO] 21:56:39:632 CLIENTE_LOGGER/(6868:6868): Valor leido: valor
[INFO] 22:03:46:923 CLIENTE_LOGGER/(7371:7371): Hola! Soy un log
[INFO] 22:03:46:925 CLIENTE_LOGGER/(7371:7371): Valor leido: valor
[INFO] 22:03:51:928 CLIENTE_LOGGER/(7371:7371): >> hola
[INFO] 22:08:21:745 CLIENTE_LOGGER/(7591:7591): Hola! Soy un log
[INFO] 22:08:21:746 CLIENTE_LOGGER/(7591:7591): Valor leido: valor
[INFO] 22:08:27:412 CLIENTE_LOGGER/(7591:7591): >> hola
[INFO] 22:08:30:159 CLIENTE_LOGGER/(7591:7591): >> chau
[INFO] 22:08:34:700 CLIENTE_LOGGER/(7591:7591): >> 2023
[INFO] 22:08:35:204 CLIENTE_LOGGER/(7591:7591): >> 
[INFO] 22:09:09:872 CLIENTE_LOGGER/(7848:7848): Hola! Soy un log
[INFO] 22:09:09:873 CLIENTE_LOGGER/(7848:7848): Valor leido: valor
[INFO] 22:09:14:891 CLIENTE_LOGGER/(7848:7848): >> hola
[INFO] 22:09:17:517 CLIENTE_LOGGER/(7848:7848): >> 2024
[INFO] 22:09:20:738 CLIENTE_LOGGER/(7848:7848): >> snt
[INFO] 22:09:21:939 CLIENTE_LOGGER/(7848:7848): >> 
[INFO] 22:56:22:342 CLIENTE_LOGGER/(10424:10424): Hola! Soy un log
[INFO] 22:56:22:343 CLIENTE_LOGGER/(10424:10424): Valor leido: valor
[INFO] 22:56:27:245 CLIENTE_LOGGER/(10424:10424): >> hola
[INFO] 22:56:28:784 CLIENTE_LOGGER/(10424:10424): >> valor
[INFO] 22:56:30:445 CLIENTE_LOGGER/(10424:10424): >> caca
[INFO] 22:56:30:936 CLIENTE_LOGGER/(10424:10424): >> 
[INFO] 23:05:19:368 CLIENTE_LOGGER/(10828:10828): Hola! Soy un log
[INFO] 23:05:19:369 CLIENTE_LOGGER/(10828:10828): Valor leido: valor
[INFO] 23:05:25:797 CLIENTE_LOGGER/(10828:10828): >> kskds
[INFO] 23:05:26:758 CLIENTE_LOGGER/(10828:10828): >> dsds
[INFO] 23:05:27:484 CLIENTE_LOGGER/(10828:10828): >> s
[INFO] 23:05:28:069 CLIENTE_LOGGER/(10828:10828): >> 
[INFO] 23:06:19:157 CLIENTE_LOGGER/(11227:11227): Hola! Soy un log
[INFO] 23:06:19:158 CLIENTE_LOGGER/(11227:11227): Valor leido: valor
[INFO] 23:06:22:648 CLIENTE_LOGGER/(11227:11227): >> jfjsfjs
[INFO] 23:06:23:284 CLIENTE_LOGGER/(11227:11227): >> s
[INFO] 23:06:23:775 CLIENTE_LOGGER/(11227:11227): >> s
[INFO] 23:06:24:881 CLIENTE_LOGGER/(11227:11227): >> f
[INFO] 23:06:25:462 CLIENTE_LOGGER/(11227:11227): >> h
[INFO] 23:06:25:979 CLIENTE_LOGGER/(11227:11227): >> 
[INFO] 17:21:46:332 CLIENTE_LOGGER/(149715:149715): Hola! Soy un log
[INFO] 17:21:46:338 CLIENTE_LOGGER/(149715:149715): Valor leido: valor
[INFO] 17:21:51:156 CLIENTE_LOGGER/(149715:149715): >> hola
[INFO] 17:21:53:477 CLIENTE_LOGGER/(149715:149715): >> 1234
[INFO] 17:21:55:099 CLIENTE_LOGGER/(149715:149715): >> 3
[INFO] 17:21:56:720 CLIENTE_LOGGER/(149715:149715): >> 
